<?xml version="1.0" encoding="UTF-8"?>
<testsuite name="taller02.Taller02" tests="1" skipped="0" failures="0" errors="0" timestamp="2022-11-26T03:16:20" hostname="LAPTOP-8JRM8VRK" time="17.363">
  <properties/>
  <testcase name="verifyAdd()" classname="taller02.Taller02" time="17.363"/>
  <system-out><![CDATA[]]></system-out>
  <system-err><![CDATA[SLF4J: Failed to load class "org.slf4j.impl.StaticLoggerBinder".
SLF4J: Defaulting to no-operation (NOP) logger implementation
SLF4J: See http://www.slf4j.org/codes.html#StaticLoggerBinder for further details.
]]></system-err>
</testsuite>
